<?xml version="1.0" encoding="UTF-8"?>
<!-- Generated by org.testng.reporters.JUnitReportReporter -->
<testsuite hostname="LAPTOP-HN0PDKIO" failures="0" tests="1" name="testPackage.testAutomation" time="202.296" errors="0" timestamp="2024-12-30T13:06:23 IST" skipped="0">
  <testcase classname="testPackage.testAutomation" name="click" time="202.296"/>
</testsuite> <!-- testPackage.testAutomation -->
